<?xml version="1.0" encoding="UTF-8"?>
<testsuite xmlns:xsi="http://www.w3.org/2001/XMLSchema-instance" xsi:noNamespaceSchemaLocation="https://maven.apache.org/surefire/maven-surefire-plugin/xsd/surefire-test-report-3.0.xsd" version="3.0" name="fr.istic.vv.DateTest" time="0.15" tests="43" errors="0" skipped="0" failures="0">
  <properties>
    <property name="java.specification.version" value="17"/>
    <property name="sun.cpu.isalist" value="amd64"/>
    <property name="sun.jnu.encoding" value="Cp1252"/>
    <property name="java.class.path" value="C:\Users\etien\Documents\ESIR\VV\TP3\VV-ESIR-TP3\code\tp3-date\target\test-classes;C:\Users\etien\Documents\ESIR\VV\TP3\VV-ESIR-TP3\code\tp3-date\target\classes;C:\Users\etien\.m2\repository\org\junit\jupiter\junit-jupiter\5.6.2\junit-jupiter-5.6.2.jar;C:\Users\etien\.m2\repository\org\junit\jupiter\junit-jupiter-api\5.6.2\junit-jupiter-api-5.6.2.jar;C:\Users\etien\.m2\repository\org\apiguardian\apiguardian-api\1.1.0\apiguardian-api-1.1.0.jar;C:\Users\etien\.m2\repository\org\opentest4j\opentest4j\1.2.0\opentest4j-1.2.0.jar;C:\Users\etien\.m2\repository\org\junit\platform\junit-platform-commons\1.6.2\junit-platform-commons-1.6.2.jar;C:\Users\etien\.m2\repository\org\junit\jupiter\junit-jupiter-params\5.6.2\junit-jupiter-params-5.6.2.jar;C:\Users\etien\.m2\repository\org\junit\jupiter\junit-jupiter-engine\5.6.2\junit-jupiter-engine-5.6.2.jar;C:\Users\etien\.m2\repository\org\junit\platform\junit-platform-engine\1.6.2\junit-platform-engine-1.6.2.jar;"/>
    <property name="java.vm.vendor" value="Eclipse Adoptium"/>
    <property name="sun.arch.data.model" value="64"/>
    <property name="user.variant" value=""/>
    <property name="java.vendor.url" value="https://adoptium.net/"/>
    <property name="user.timezone" value="Europe/Paris"/>
    <property name="os.name" value="Windows 10"/>
    <property name="java.vm.specification.version" value="17"/>
    <property name="sun.java.launcher" value="SUN_STANDARD"/>
    <property name="user.country" value="FR"/>
    <property name="sun.boot.library.path" value="C:\Users\etien\.p2\pool\plugins\org.eclipse.justj.openjdk.hotspot.jre.full.win32.x86_64_17.0.2.v20220201-1208\jre\bin"/>
    <property name="sun.java.command" value="C:\Users\etien\AppData\Local\Temp\surefire13151070484570762297\surefirebooter2512153966267456976.jar C:\Users\etien\AppData\Local\Temp\surefire13151070484570762297 2022-04-03T18-33-21_920-jvmRun1 surefire8657874862369207072tmp surefire_011925486823563451069tmp"/>
    <property name="jdk.debug" value="release"/>
    <property name="surefire.test.class.path" value="C:\Users\etien\Documents\ESIR\VV\TP3\VV-ESIR-TP3\code\tp3-date\target\test-classes;C:\Users\etien\Documents\ESIR\VV\TP3\VV-ESIR-TP3\code\tp3-date\target\classes;C:\Users\etien\.m2\repository\org\junit\jupiter\junit-jupiter\5.6.2\junit-jupiter-5.6.2.jar;C:\Users\etien\.m2\repository\org\junit\jupiter\junit-jupiter-api\5.6.2\junit-jupiter-api-5.6.2.jar;C:\Users\etien\.m2\repository\org\apiguardian\apiguardian-api\1.1.0\apiguardian-api-1.1.0.jar;C:\Users\etien\.m2\repository\org\opentest4j\opentest4j\1.2.0\opentest4j-1.2.0.jar;C:\Users\etien\.m2\repository\org\junit\platform\junit-platform-commons\1.6.2\junit-platform-commons-1.6.2.jar;C:\Users\etien\.m2\repository\org\junit\jupiter\junit-jupiter-params\5.6.2\junit-jupiter-params-5.6.2.jar;C:\Users\etien\.m2\repository\org\junit\jupiter\junit-jupiter-engine\5.6.2\junit-jupiter-engine-5.6.2.jar;C:\Users\etien\.m2\repository\org\junit\platform\junit-platform-engine\1.6.2\junit-platform-engine-1.6.2.jar;"/>
    <property name="sun.cpu.endian" value="little"/>
    <property name="user.home" value="C:\Users\etien"/>
    <property name="user.language" value="fr"/>
    <property name="java.specification.vendor" value="Oracle Corporation"/>
    <property name="java.version.date" value="2022-01-18"/>
    <property name="java.home" value="C:\Users\etien\.p2\pool\plugins\org.eclipse.justj.openjdk.hotspot.jre.full.win32.x86_64_17.0.2.v20220201-1208\jre"/>
    <property name="file.separator" value="\"/>
    <property name="basedir" value="C:\Users\etien\Documents\ESIR\VV\TP3\VV-ESIR-TP3\code\tp3-date"/>
    <property name="java.vm.compressedOopsMode" value="Zero based"/>
    <property name="line.separator" value="&#10;"/>
    <property name="java.vm.specification.vendor" value="Oracle Corporation"/>
    <property name="java.specification.name" value="Java Platform API Specification"/>
    <property name="surefire.real.class.path" value="C:\Users\etien\AppData\Local\Temp\surefire13151070484570762297\surefirebooter2512153966267456976.jar"/>
    <property name="user.script" value=""/>
    <property name="sun.management.compiler" value="HotSpot 64-Bit Tiered Compilers"/>
    <property name="java.runtime.version" value="17.0.2+8"/>
    <property name="user.name" value="etien"/>
    <property name="path.separator" value=";"/>
    <property name="os.version" value="10.0"/>
    <property name="java.runtime.name" value="OpenJDK Runtime Environment"/>
    <property name="file.encoding" value="Cp1252"/>
    <property name="java.vm.name" value="OpenJDK 64-Bit Server VM"/>
    <property name="java.vendor.version" value="Temurin-17.0.2+8"/>
    <property name="localRepository" value="C:\Users\etien\.m2\repository"/>
    <property name="java.vendor.url.bug" value="https://github.com/adoptium/adoptium-support/issues"/>
    <property name="java.io.tmpdir" value="C:\Users\etien\AppData\Local\Temp\"/>
    <property name="java.version" value="17.0.2"/>
    <property name="user.dir" value="C:\Users\etien\Documents\ESIR\VV\TP3\VV-ESIR-TP3\code\tp3-date"/>
    <property name="os.arch" value="amd64"/>
    <property name="java.vm.specification.name" value="Java Virtual Machine Specification"/>
    <property name="sun.os.patch.level" value=""/>
    <property name="native.encoding" value="Cp1252"/>
    <property name="java.library.path" value="C:\Users\etien\.p2\pool\plugins\org.eclipse.justj.openjdk.hotspot.jre.full.win32.x86_64_17.0.2.v20220201-1208\jre\bin;C:\WINDOWS\Sun\Java\bin;C:\WINDOWS\system32;C:\WINDOWS;C:/Users/etien/.p2/pool/plugins/org.eclipse.justj.openjdk.hotspot.jre.full.win32.x86_64_17.0.2.v20220201-1208/jre/bin/server;C:/Users/etien/.p2/pool/plugins/org.eclipse.justj.openjdk.hotspot.jre.full.win32.x86_64_17.0.2.v20220201-1208/jre/bin;C:\Program Files (x86)\Common Files\Oracle\Java\javapath;C:\Windows\system32;C:\Windows;C:\Windows\System32\Wbem;C:\Windows\System32\WindowsPowerShell\v1.0\;C:\Windows\System32\OpenSSH\;C:\Program Files (x86)\NVIDIA Corporation\PhysX\Common;C:\WINDOWS\system32;C:\WINDOWS;C:\WINDOWS\System32\Wbem;C:\WINDOWS\System32\WindowsPowerShell\v1.0\;C:\WINDOWS\System32\OpenSSH\;D:\Git\cmd;C:\Users\etien\AppData\Local\Microsoft\WindowsApps;;C:\WINDOWS;;."/>
    <property name="java.vm.info" value="mixed mode"/>
    <property name="java.vendor" value="Eclipse Adoptium"/>
    <property name="java.vm.version" value="17.0.2+8"/>
    <property name="sun.io.unicode.encoding" value="UnicodeLittle"/>
    <property name="java.class.version" value="61.0"/>
  </properties>
  <testcase name="basicTest" classname="fr.istic.vv.DateTest" time="0.039"/>
  <testcase name="next294Test" classname="fr.istic.vv.DateTest" time="0.002"/>
  <testcase name="previous294Test" classname="fr.istic.vv.DateTest" time="0"/>
  <testcase name="notValidMonth" classname="fr.istic.vv.DateTest" time="0.002"/>
  <testcase name="previous28Test" classname="fr.istic.vv.DateTest" time="0"/>
  <testcase name="previous30Test(int)[1]" classname="fr.istic.vv.DateTest" time="0.025"/>
  <testcase name="previous30Test(int)[2]" classname="fr.istic.vv.DateTest" time="0.001"/>
  <testcase name="previous30Test(int)[3]" classname="fr.istic.vv.DateTest" time="0"/>
  <testcase name="previous30Test(int)[4]" classname="fr.istic.vv.DateTest" time="0"/>
  <testcase name="previous31Test(int)[1]" classname="fr.istic.vv.DateTest" time="0"/>
  <testcase name="previous31Test(int)[2]" classname="fr.istic.vv.DateTest" time="0"/>
  <testcase name="previous31Test(int)[3]" classname="fr.istic.vv.DateTest" time="0"/>
  <testcase name="previous31Test(int)[4]" classname="fr.istic.vv.DateTest" time="0"/>
  <testcase name="previous31Test(int)[5]" classname="fr.istic.vv.DateTest" time="0.001"/>
  <testcase name="previous31Test(int)[6]" classname="fr.istic.vv.DateTest" time="0"/>
  <testcase name="notValidDayTest" classname="fr.istic.vv.DateTest" time="0.001"/>
  <testcase name="compareLessDTest" classname="fr.istic.vv.DateTest" time="0.001"/>
  <testcase name="compareLessMTest" classname="fr.istic.vv.DateTest" time="0"/>
  <testcase name="compareLessYTest" classname="fr.istic.vv.DateTest" time="0.001"/>
  <testcase name="compareNullTest" classname="fr.istic.vv.DateTest" time="0"/>
  <testcase name="previousNewYearTest" classname="fr.istic.vv.DateTest" time="0"/>
  <testcase name="next28100Test" classname="fr.istic.vv.DateTest" time="0"/>
  <testcase name="next29400Test" classname="fr.istic.vv.DateTest" time="0"/>
  <testcase name="compareEqualsTest" classname="fr.istic.vv.DateTest" time="0"/>
  <testcase name="compareGreatDTest" classname="fr.istic.vv.DateTest" time="0"/>
  <testcase name="compareGreatMTest" classname="fr.istic.vv.DateTest" time="0"/>
  <testcase name="compareGreatYTest" classname="fr.istic.vv.DateTest" time="0"/>
  <testcase name="nextGenTest" classname="fr.istic.vv.DateTest" time="0"/>
  <testcase name="previousGenTest" classname="fr.istic.vv.DateTest" time="0"/>
  <testcase name="nextNewYearTest" classname="fr.istic.vv.DateTest" time="0"/>
  <testcase name="previous28100Test" classname="fr.istic.vv.DateTest" time="0"/>
  <testcase name="previous29400Test" classname="fr.istic.vv.DateTest" time="0"/>
  <testcase name="next28Test" classname="fr.istic.vv.DateTest" time="0.001"/>
  <testcase name="next30Test(int)[1]" classname="fr.istic.vv.DateTest" time="0.001"/>
  <testcase name="next30Test(int)[2]" classname="fr.istic.vv.DateTest" time="0.001"/>
  <testcase name="next30Test(int)[3]" classname="fr.istic.vv.DateTest" time="0"/>
  <testcase name="next30Test(int)[4]" classname="fr.istic.vv.DateTest" time="0"/>
  <testcase name="next31Test(int)[1]" classname="fr.istic.vv.DateTest" time="0"/>
  <testcase name="next31Test(int)[2]" classname="fr.istic.vv.DateTest" time="0"/>
  <testcase name="next31Test(int)[3]" classname="fr.istic.vv.DateTest" time="0.001"/>
  <testcase name="next31Test(int)[4]" classname="fr.istic.vv.DateTest" time="0"/>
  <testcase name="next31Test(int)[5]" classname="fr.istic.vv.DateTest" time="0"/>
  <testcase name="next31Test(int)[6]" classname="fr.istic.vv.DateTest" time="0"/>
</testsuite>